{"message":"Service https://google.com working","level":"low","createdAt":"2023-12-22T22:24:10.936Z"}
{"message":"Service https://google.com working","level":"low","createdAt":"2023-12-22T22:24:15.336Z"}
{"message":"Service https://google.com working","level":"low","createdAt":"2023-12-22T22:24:20.697Z"}
{"message":"Service https://google.com working","level":"low","createdAt":"2023-12-22T22:24:25.376Z"}
{"message":"Service https://google.com working","level":"low","createdAt":"2023-12-22T22:24:30.520Z"}
{"message":"Service https://google.com working","level":"low","createdAt":"2023-12-22T22:24:35.456Z"}
{"message":"Service https://google.com working","level":"low","createdAt":"2023-12-22T22:24:40.559Z"}
{"message":"Service https://google.com working","level":"low","createdAt":"2023-12-22T22:24:45.395Z"}
{"message":"Service https://google.com working","level":"low","createdAt":"2023-12-22T22:24:50.382Z"}
{"message":"Service https://google.com working","level":"low","createdAt":"2023-12-22T22:24:55.517Z"}
{"message":"Service https://google.com working","level":"low","createdAt":"2023-12-22T22:25:00.253Z"}
{"message":"Service https://google.com working","level":"low","createdAt":"2023-12-22T22:25:05.766Z"}
{"message":"TypeError: fetch failed","level":"low","createdAt":"2023-12-22T22:25:10.481Z"}
{"message":"TypeError: fetch failed","level":"low","createdAt":"2023-12-22T22:25:15.037Z"}
{"message":"TypeError: fetch failed","level":"low","createdAt":"2023-12-22T22:25:20.163Z"}
{"message":"TypeError: fetch failed","level":"low","createdAt":"2023-12-22T22:25:25.076Z"}
{"message":"Service https://google.com working","level":"low","createdAt":"2023-12-22T22:25:31.062Z"}
{"message":"Service https://google.com working","level":"low","createdAt":"2023-12-22T22:25:35.414Z"}
{"message":"Service https://google.com working","level":"low","createdAt":"2023-12-22T22:25:40.772Z"}
{"message":"Service https://google.com working","level":"low","createdAt":"2023-12-22T22:25:45.441Z"}
{"message":"Service https://google.com working","level":"low","createdAt":"2023-12-22T22:25:50.902Z"}
{"message":"Service https://google.com working","level":"low","createdAt":"2023-12-22T22:25:55.311Z"}
{"message":"Service https://google.com working","level":"low","createdAt":"2023-12-22T22:26:00.625Z"}
{"message":"Service https://google.com working","level":"low","createdAt":"2023-12-22T22:26:05.344Z"}
{"message":"Service https://google.com working","level":"low","createdAt":"2023-12-22T22:26:10.567Z"}
{"message":"Service https://google.com working","level":"low","createdAt":"2023-12-22T22:26:15.452Z"}
{"message":"Service https://google.com working","level":"low","createdAt":"2023-12-22T22:26:20.497Z"}
{"message":"Service https://google.com working","level":"low","createdAt":"2023-12-22T22:26:25.444Z"}
{"message":"Service https://google.com working","level":"low","createdAt":"2023-12-22T22:26:30.532Z"}
{"message":"Service https://google.com working","level":"low","createdAt":"2023-12-22T22:26:35.371Z"}
{"message":"Service https://google.com working","level":"low","createdAt":"2023-12-22T22:26:40.565Z"}
{"message":"Service https://google.com working","level":"low","createdAt":"2023-12-22T22:26:45.382Z"}
{"message":"Service https://google.com working","level":"low","createdAt":"2023-12-22T22:26:50.705Z"}
{"message":"Service https://google.com working","level":"low","createdAt":"2023-12-22T22:26:55.415Z"}
{"message":"Service https://google.com working","level":"low","createdAt":"2023-12-22T22:27:00.535Z"}
{"message":"Service https://google.com working","level":"low","createdAt":"2023-12-22T22:27:05.458Z"}
{"message":"Service https://google.com working","level":"low","createdAt":"2023-12-22T22:27:10.467Z"}
{"message":"Service https://google.com working","level":"low","createdAt":"2023-12-22T22:27:15.600Z"}
{"message":"Service https://google.com working","level":"low","createdAt":"2023-12-22T22:27:20.400Z"}
{"message":"Service https://google.com working","level":"low","createdAt":"2023-12-22T22:27:26.032Z"}
{"message":"Service https://google.com working","level":"low","createdAt":"2023-12-22T22:27:30.333Z"}
{"message":"Service https://google.com working","level":"low","createdAt":"2023-12-22T22:27:35.369Z"}
{"message":"Service https://google.com working","level":"low","createdAt":"2023-12-22T22:27:40.470Z"}
{"message":"Service https://google.com working","level":"low","createdAt":"2023-12-22T22:27:45.473Z"}
{"message":"Service https://google.com working","level":"low","createdAt":"2023-12-22T22:27:50.612Z"}
{"message":"Service https://google.com working","level":"low","createdAt":"2023-12-22T22:27:55.214Z"}
{"message":"Service https://google.com working","level":"low","createdAt":"2023-12-22T22:28:00.369Z"}
{"message":"Service https://google.com working","level":"low","createdAt":"2023-12-22T22:28:05.396Z"}
{"message":"Service https://google.com working","level":"low","createdAt":"2023-12-22T22:28:10.473Z"}
{"message":"Service https://google.com working","level":"low","createdAt":"2023-12-22T22:28:15.485Z"}
{"message":"Service https://google.com working","level":"low","createdAt":"2023-12-22T22:28:20.802Z"}
{"message":"Service https://google.com working","level":"low","createdAt":"2023-12-22T22:28:25.417Z"}
{"message":"Service https://google.com working","level":"low","createdAt":"2023-12-22T22:28:30.747Z"}
{"message":"Service https://google.com working","level":"low","createdAt":"2023-12-22T22:28:35.356Z"}
{"message":"Service https://google.com working","level":"low","createdAt":"2023-12-22T22:28:40.476Z"}
{"message":"Service https://google.com working","level":"low","createdAt":"2023-12-22T22:28:45.509Z"}
{"message":"Service https://google.com working","level":"low","createdAt":"2023-12-22T22:28:50.348Z"}
{"message":"Service https://google.com working","level":"low","createdAt":"2023-12-22T22:28:55.425Z"}
{"message":"Service https://google.com working","level":"low","createdAt":"2023-12-22T22:29:00.386Z"}
{"message":"Service https://google.com working","level":"low","createdAt":"2023-12-22T22:29:05.501Z"}
{"message":"Service https://google.com working","level":"low","createdAt":"2023-12-22T22:29:10.381Z"}
{"message":"Service https://google.com working","level":"low","createdAt":"2023-12-22T22:29:15.497Z"}
{"message":"Service https://google.com working","level":"low","createdAt":"2023-12-22T22:29:20.481Z"}
{"message":"Service https://google.com working","level":"low","createdAt":"2023-12-22T22:29:25.516Z"}
{"message":"Service https://google.com working","level":"low","createdAt":"2023-12-22T22:29:30.549Z"}
{"message":"Service https://google.com working","level":"low","createdAt":"2023-12-22T22:29:35.466Z"}
{"message":"Service https://google.com working","level":"low","createdAt":"2023-12-22T22:29:40.518Z"}
{"message":"Service https://google.com working","level":"low","createdAt":"2023-12-22T22:29:45.500Z"}
{"message":"Service https://google.com working","level":"low","createdAt":"2023-12-22T22:29:50.518Z"}
{"message":"Service https://google.com working","level":"low","createdAt":"2023-12-22T22:29:55.530Z"}
{"message":"Service https://google.com working","level":"low","createdAt":"2023-12-22T22:30:00.405Z"}
{"message":"Service https://google.com working","level":"low","createdAt":"2023-12-22T22:30:05.469Z"}
{"message":"Service https://google.com working","level":"low","createdAt":"2023-12-22T22:30:10.374Z"}
{"message":"Service https://google.com working","level":"low","createdAt":"2023-12-22T22:30:15.832Z"}
{"message":"Service https://google.com working","level":"low","createdAt":"2023-12-22T22:30:20.326Z"}
{"message":"Service https://google.com working","level":"low","createdAt":"2023-12-22T22:30:25.446Z"}
{"message":"Service https://google.com working","level":"low","createdAt":"2023-12-22T22:30:30.454Z"}
{"message":"Service https://google.com working","level":"low","createdAt":"2023-12-22T22:30:35.549Z"}
{"message":"Service https://google.com working","level":"low","createdAt":"2023-12-22T22:30:40.544Z"}
{"message":"Service https://google.com working","level":"low","createdAt":"2023-12-22T22:30:45.444Z"}
{"message":"Service https://google.com working","level":"low","createdAt":"2023-12-22T22:30:50.594Z"}
{"message":"Service https://google.com working","level":"low","createdAt":"2023-12-22T22:30:55.344Z"}
{"message":"Service https://google.com working","level":"low","createdAt":"2023-12-22T22:31:00.663Z"}
{"message":"Service https://google.com working","level":"low","createdAt":"2023-12-22T22:31:05.320Z"}
{"message":"Service https://google.com working","level":"low","createdAt":"2023-12-22T22:31:10.755Z"}
{"message":"Service https://google.com working","level":"low","createdAt":"2023-12-22T22:31:15.452Z"}
{"message":"Service https://google.com working","level":"low","createdAt":"2023-12-22T22:31:20.435Z"}
{"message":"Service https://google.com working","level":"low","createdAt":"2023-12-22T22:31:25.648Z"}
{"message":"Service https://google.com working","level":"low","createdAt":"2023-12-22T22:31:30.665Z"}
{"message":"Service https://google.com working","level":"low","createdAt":"2023-12-22T22:31:35.689Z"}
{"message":"Service https://google.com working","level":"low","createdAt":"2023-12-22T22:31:40.298Z"}
{"message":"Service https://google.com working","level":"low","createdAt":"2023-12-22T22:31:45.613Z"}
{"message":"Service https://google.com working","level":"low","createdAt":"2023-12-22T22:31:50.318Z"}
{"message":"Service https://google.com working","level":"low","createdAt":"2023-12-22T22:31:55.447Z"}
{"message":"Service https://google.com working","level":"low","createdAt":"2023-12-22T22:32:00.435Z"}
{"message":"Service https://google.com working","level":"low","createdAt":"2023-12-22T22:32:05.481Z"}
{"message":"Service https://google.com working","level":"low","createdAt":"2023-12-22T22:32:10.447Z"}
{"message":"Service https://google.com working","level":"low","createdAt":"2023-12-22T22:32:15.382Z"}
{"message":"Service https://google.com working","level":"low","createdAt":"2023-12-22T22:32:20.617Z"}
{"message":"Service https://google.com working","level":"low","createdAt":"2023-12-22T22:32:25.470Z"}
{"message":"Service https://google.com working","level":"low","createdAt":"2023-12-22T22:32:30.378Z"}
{"message":"Service https://google.com working","level":"low","createdAt":"2023-12-22T22:32:35.484Z"}
{"message":"Service https://google.com working","level":"low","createdAt":"2023-12-22T22:32:40.529Z"}
{"message":"Service https://google.com working","level":"low","createdAt":"2023-12-22T22:32:45.442Z"}
{"message":"Service https://google.com working","level":"low","createdAt":"2023-12-22T22:32:50.457Z"}
{"message":"Service https://google.com working","level":"low","createdAt":"2023-12-22T22:32:55.658Z"}
{"message":"Service https://google.com working","level":"low","createdAt":"2023-12-22T22:33:00.301Z"}
{"message":"Service https://google.com working","level":"low","createdAt":"2023-12-22T22:33:05.373Z"}
{"message":"Service https://google.com working","level":"low","createdAt":"2023-12-22T22:33:10.354Z"}
{"message":"Service https://google.com working","level":"low","createdAt":"2023-12-22T22:33:15.522Z"}
{"message":"Service https://google.com working","level":"low","createdAt":"2023-12-22T22:33:20.482Z"}
{"message":"Service https://google.com working","level":"low","createdAt":"2023-12-22T22:33:25.366Z"}
{"message":"Service https://google.com working","level":"low","createdAt":"2023-12-22T22:33:30.534Z"}
{"message":"Service https://google.com working","level":"low","createdAt":"2023-12-22T22:33:35.392Z"}
{"message":"Service https://google.com working","level":"low","createdAt":"2023-12-22T22:33:40.643Z"}
{"message":"Service https://google.com working","level":"low","createdAt":"2023-12-22T22:33:45.344Z"}
{"message":"Service https://google.com working","level":"low","createdAt":"2023-12-22T22:33:50.475Z"}
{"message":"Service https://google.com working","level":"low","createdAt":"2023-12-22T22:33:55.384Z"}
{"message":"Service https://google.com working","level":"low","createdAt":"2023-12-22T22:34:00.660Z"}
{"message":"Service https://google.com working","level":"low","createdAt":"2023-12-22T22:34:05.214Z"}
{"message":"Service https://google.com working","level":"low","createdAt":"2023-12-22T22:34:10.323Z"}
{"message":"Service https://google.com working","level":"low","createdAt":"2023-12-22T22:34:15.631Z"}
{"message":"Service https://google.com working","level":"low","createdAt":"2023-12-22T22:34:20.615Z"}
{"message":"Service https://google.com working","level":"low","createdAt":"2023-12-22T22:34:25.662Z"}
{"message":"Service https://google.com working","level":"low","createdAt":"2023-12-22T22:34:30.426Z"}
{"message":"Service https://google.com working","level":"low","createdAt":"2023-12-22T22:34:35.354Z"}
{"message":"Service https://google.com working","level":"low","createdAt":"2023-12-22T22:34:40.602Z"}
{"message":"Service https://google.com working","level":"low","createdAt":"2023-12-22T22:34:45.215Z"}
{"message":"Service https://google.com working","level":"low","createdAt":"2023-12-22T22:34:50.649Z"}
{"message":"Service https://google.com working","level":"low","createdAt":"2023-12-22T22:34:55.225Z"}
{"message":"Service https://google.com working","level":"low","createdAt":"2023-12-22T22:35:00.572Z"}
{"message":"Service https://google.com working","level":"low","createdAt":"2023-12-22T22:35:05.216Z"}
{"message":"Service https://google.com working","level":"low","createdAt":"2023-12-22T22:35:10.526Z"}
{"message":"Service https://google.com working","level":"low","createdAt":"2023-12-22T22:35:15.221Z"}
{"message":"Service https://google.com working","level":"low","createdAt":"2023-12-22T22:35:20.584Z"}
{"message":"Service https://google.com working","level":"low","createdAt":"2023-12-22T22:35:25.316Z"}
{"message":"TypeError: fetch failed","level":"high","createdAt":"2023-12-22T22:40:20.129Z"}
{"message":"TypeError: fetch failed","level":"high","createdAt":"2023-12-22T22:40:25.034Z"}
{"message":"TypeError: fetch failed","level":"high","createdAt":"2023-12-22T22:40:30.020Z"}
{"message":"http://localhost:3000 is not ok. TypeError: fetch failed","level":"high","createdAt":"2023-12-25T23:10:45.188Z","origin":"check-service.ts"}
{"message":"http://localhost:3000 is not ok. TypeError: fetch failed","level":"high","createdAt":"2023-12-25T23:10:50.008Z","origin":"check-service.ts"}
{"message":"http://localhost:3000 is not ok. TypeError: fetch failed","level":"high","createdAt":"2023-12-25T23:10:55.007Z","origin":"check-service.ts"}
{"message":"http://localhost:3000 is not ok. TypeError: fetch failed","level":"high","createdAt":"2023-12-25T23:11:00.033Z","origin":"check-service.ts"}
{"message":"http://localhost:3000 is not ok. TypeError: fetch failed","level":"high","createdAt":"2023-12-25T23:11:05.019Z","origin":"check-service.ts"}
{"message":"http://localhost:3000 is not ok. TypeError: fetch failed","level":"high","createdAt":"2023-12-25T23:11:10.016Z","origin":"check-service.ts"}
{"message":"Email sent","level":"low","createdAt":"2023-12-26T15:30:33.214Z","origin":"email.service.ts"}
{"message":"Log Email sent","level":"low","createdAt":"2023-12-26T16:05:28.677Z","origin":"send-mail-logs.ts"}
